[2020-11-24 04:02:16] my_logger.INFO: 上传文件名: active_image.png [] []
[2020-11-24 04:02:16] my_logger.INFO: 文件类型: image/png [] []
[2020-11-24 04:02:16] my_logger.INFO: 文件大小: 80.822265625 [] []
[2020-11-24 04:02:16] my_logger.INFO: --------------------------------------------------------------------------------------- [] []
[2020-11-24 04:02:42] my_logger.INFO: 上传文件名: active_image.png [] []
[2020-11-24 04:02:42] my_logger.INFO: 文件类型: image/png [] []
[2020-11-24 04:02:42] my_logger.INFO: 文件大小: 80.822265625 [] []
[2020-11-24 04:02:42] my_logger.INFO: --------------------------------------------------------------------------------------- [] []
[2020-11-24 04:04:19] my_logger.INFO: 上传文件名: active_image.png [] []
[2020-11-24 04:04:19] my_logger.INFO: 文件类型: image/png [] []
[2020-11-24 04:04:19] my_logger.INFO: 文件大小: 80.822265625 [] []
[2020-11-24 04:04:19] my_logger.INFO: --------------------------------------------------------------------------------------- [] []
[2020-11-24 04:30:52] my_logger.INFO: 上传文件名: active_image.png [] []
[2020-11-24 04:30:52] my_logger.INFO: 文件类型: image/png [] []
[2020-11-24 04:30:52] my_logger.INFO: 文件大小: 80.822265625 [] []
[2020-11-24 04:30:52] my_logger.INFO: --------------------------------------------------------------------------------------- [] []
[2020-11-24 04:32:28] my_logger.INFO: 上传文件名: active_image.png [] []
[2020-11-24 04:32:28] my_logger.INFO: 文件类型: image/png [] []
[2020-11-24 04:32:28] my_logger.INFO: 文件大小: 80.822265625 [] []
[2020-11-24 04:32:28] my_logger.INFO: --------------------------------------------------------------------------------------- [] []
[2020-11-24 04:33:13] my_logger.INFO: 上传文件名: active_image.png [] []
[2020-11-24 04:33:13] my_logger.INFO: 文件类型: image/png [] []
[2020-11-24 04:33:13] my_logger.INFO: 文件大小: 80.822265625 [] []
[2020-11-24 04:33:13] my_logger.INFO: --------------------------------------------------------------------------------------- [] []
[2020-11-24 04:34:48] my_logger.INFO: 上传文件名: dog.jpg [] []
[2020-11-24 04:34:48] my_logger.INFO: 文件类型: image/jpeg [] []
[2020-11-24 04:34:48] my_logger.INFO: 文件大小: 31.8193359375 [] []
[2020-11-24 04:34:48] my_logger.INFO: --------------------------------------------------------------------------------------- [] []
[2020-11-24 04:38:05] my_logger.INFO: 上传文件名: dog.jpg [] []
[2020-11-24 04:38:05] my_logger.INFO: 文件类型: image/jpeg [] []
[2020-11-24 04:38:05] my_logger.INFO: 文件大小: 31.8193359375 [] []
[2020-11-24 04:38:05] my_logger.INFO: --------------------------------------------------------------------------------------- [] []
[2020-11-24 04:39:14] my_logger.INFO: 上传文件名: 5484d9d1eab8ea3017b17e29.jpg [] []
[2020-11-24 04:39:14] my_logger.INFO: 文件类型: image/jpeg [] []
[2020-11-24 04:39:14] my_logger.INFO: 文件大小: 31.8193359375 [] []
[2020-11-24 04:39:14] my_logger.INFO: --------------------------------------------------------------------------------------- [] []
[2020-11-24 04:42:14] my_logger.INFO: 上传文件名: 5484d9d1eab8ea3017b17e29.jpg [] []
[2020-11-24 04:42:14] my_logger.INFO: 文件类型: image/jpeg [] []
[2020-11-24 04:42:14] my_logger.INFO: 文件大小: 31.8193359375 [] []
[2020-11-24 04:42:14] my_logger.INFO: --------------------------------------------------------------------------------------- [] []
[2020-11-24 04:42:22] my_logger.INFO: 上传文件名: download.jpg [] []
[2020-11-24 04:42:22] my_logger.INFO: 文件类型: image/jpeg [] []
[2020-11-24 04:42:22] my_logger.INFO: 文件大小: 6.845703125 [] []
[2020-11-24 04:42:22] my_logger.INFO: --------------------------------------------------------------------------------------- [] []
[2020-11-24 04:45:29] my_logger.INFO: 上传文件名: 5484d9d1eab8ea3017b17e29.jpg [] []
[2020-11-24 04:45:29] my_logger.INFO: 文件类型: image/jpeg [] []
[2020-11-24 04:45:29] my_logger.INFO: 文件大小: 31.8193359375 [] []
[2020-11-24 04:45:29] my_logger.INFO: --------------------------------------------------------------------------------------- [] []
[2020-11-24 04:48:23] my_logger.INFO: 上传文件名: active_image.jpg [] []
[2020-11-24 04:48:23] my_logger.INFO: 文件类型: image/jpeg [] []
[2020-11-24 04:48:23] my_logger.INFO: 文件大小: 8.4013671875 [] []
[2020-11-24 04:48:23] my_logger.INFO: --------------------------------------------------------------------------------------- [] []
